2015.01.16 16:43 B C:\Websites\ControlPanel\font-awesome\scss\_bordered-pulled.scss --> s479853611.onlinehome.us /u74124725/ControlPanel/font-awesome/scss _bordered-pulled.scss
2015.01.16 16:43 B C:\Websites\ControlPanel\font-awesome\scss\_core.scss --> s479853611.onlinehome.us /u74124725/ControlPanel/font-awesome/scss _core.scss
2015.01.16 16:43 B C:\Websites\ControlPanel\font-awesome\scss\_fixed-width.scss --> s479853611.onlinehome.us /u74124725/ControlPanel/font-awesome/scss _fixed-width.scss
2015.01.16 16:43 B C:\Websites\ControlPanel\font-awesome\scss\_icons.scss --> s479853611.onlinehome.us /u74124725/ControlPanel/font-awesome/scss _icons.scss
2015.01.16 16:43 B C:\Websites\ControlPanel\font-awesome\scss\_larger.scss --> s479853611.onlinehome.us /u74124725/ControlPanel/font-awesome/scss _larger.scss
2015.01.16 16:43 B C:\Websites\ControlPanel\font-awesome\scss\_list.scss --> s479853611.onlinehome.us /u74124725/ControlPanel/font-awesome/scss _list.scss
2015.01.16 16:43 B C:\Websites\ControlPanel\font-awesome\scss\_mixins.scss --> s479853611.onlinehome.us /u74124725/ControlPanel/font-awesome/scss _mixins.scss
2015.01.16 16:43 B C:\Websites\ControlPanel\font-awesome\scss\_path.scss --> s479853611.onlinehome.us /u74124725/ControlPanel/font-awesome/scss _path.scss
2015.01.16 16:43 B C:\Websites\ControlPanel\font-awesome\scss\_rotated-flipped.scss --> s479853611.onlinehome.us /u74124725/ControlPanel/font-awesome/scss _rotated-flipped.scss
2015.01.16 16:43 B C:\Websites\ControlPanel\font-awesome\scss\_spinning.scss --> s479853611.onlinehome.us /u74124725/ControlPanel/font-awesome/scss _spinning.scss
2015.01.16 16:43 B C:\Websites\ControlPanel\font-awesome\scss\_stacked.scss --> s479853611.onlinehome.us /u74124725/ControlPanel/font-awesome/scss _stacked.scss
2015.01.16 16:43 B C:\Websites\ControlPanel\font-awesome\scss\_variables.scss --> s479853611.onlinehome.us /u74124725/ControlPanel/font-awesome/scss _variables.scss
2015.01.16 16:43 B C:\Websites\ControlPanel\font-awesome\scss\font-awesome.scss --> s479853611.onlinehome.us /u74124725/ControlPanel/font-awesome/scss font-awesome.scss
2015.01.19 14:25 B C:\Websites\ControlPanel\font-awesome\scss\_bordered-pulled.scss --> s338560606.onlinehome.us /shallwetango/test/font-awesome/scss _bordered-pulled.scss
2015.01.19 14:25 B C:\Websites\ControlPanel\font-awesome\scss\_core.scss --> s338560606.onlinehome.us /shallwetango/test/font-awesome/scss _core.scss
2015.01.19 14:25 B C:\Websites\ControlPanel\font-awesome\scss\_fixed-width.scss --> s338560606.onlinehome.us /shallwetango/test/font-awesome/scss _fixed-width.scss
2015.01.19 14:25 B C:\Websites\ControlPanel\font-awesome\scss\_icons.scss --> s338560606.onlinehome.us /shallwetango/test/font-awesome/scss _icons.scss
2015.01.19 14:25 B C:\Websites\ControlPanel\font-awesome\scss\_larger.scss --> s338560606.onlinehome.us /shallwetango/test/font-awesome/scss _larger.scss
2015.01.19 14:25 B C:\Websites\ControlPanel\font-awesome\scss\_list.scss --> s338560606.onlinehome.us /shallwetango/test/font-awesome/scss _list.scss
2015.01.19 14:25 B C:\Websites\ControlPanel\font-awesome\scss\_mixins.scss --> s338560606.onlinehome.us /shallwetango/test/font-awesome/scss _mixins.scss
2015.01.19 14:25 B C:\Websites\ControlPanel\font-awesome\scss\_path.scss --> s338560606.onlinehome.us /shallwetango/test/font-awesome/scss _path.scss
2015.01.19 14:25 B C:\Websites\ControlPanel\font-awesome\scss\_rotated-flipped.scss --> s338560606.onlinehome.us /shallwetango/test/font-awesome/scss _rotated-flipped.scss
2015.01.19 14:25 B C:\Websites\ControlPanel\font-awesome\scss\_spinning.scss --> s338560606.onlinehome.us /shallwetango/test/font-awesome/scss _spinning.scss
2015.01.19 14:25 B C:\Websites\ControlPanel\font-awesome\scss\_stacked.scss --> s338560606.onlinehome.us /shallwetango/test/font-awesome/scss _stacked.scss
2015.01.19 14:25 B C:\Websites\ControlPanel\font-awesome\scss\_variables.scss --> s338560606.onlinehome.us /shallwetango/test/font-awesome/scss _variables.scss
2015.01.19 14:25 B C:\Websites\ControlPanel\font-awesome\scss\font-awesome.scss --> s338560606.onlinehome.us /shallwetango/test/font-awesome/scss font-awesome.scss
2015.07.30 14:29 B C:\Websites\PlanetM\cp\font-awesome\scss\WS_FTP.LOG <-- ShallWeTango1and1 /shallwetango/test/font-awesome/scss WS_FTP.LOG
2015.07.30 14:58 B C:\Websites\PlanetM\cp\font-awesome\scss\_bordered-pulled.scss --> planetm.us /planetm.us/cp/font-awesome/scss _bordered-pulled.scss
2015.07.30 14:58 B C:\Websites\PlanetM\cp\font-awesome\scss\_core.scss --> planetm.us /planetm.us/cp/font-awesome/scss _core.scss
2015.07.30 14:58 B C:\Websites\PlanetM\cp\font-awesome\scss\_fixed-width.scss --> planetm.us /planetm.us/cp/font-awesome/scss _fixed-width.scss
2015.07.30 14:58 B C:\Websites\PlanetM\cp\font-awesome\scss\_icons.scss --> planetm.us /planetm.us/cp/font-awesome/scss _icons.scss
2015.07.30 14:58 B C:\Websites\PlanetM\cp\font-awesome\scss\_larger.scss --> planetm.us /planetm.us/cp/font-awesome/scss _larger.scss
2015.07.30 14:58 B C:\Websites\PlanetM\cp\font-awesome\scss\_list.scss --> planetm.us /planetm.us/cp/font-awesome/scss _list.scss
2015.07.30 14:58 B C:\Websites\PlanetM\cp\font-awesome\scss\_mixins.scss --> planetm.us /planetm.us/cp/font-awesome/scss _mixins.scss
2015.07.30 14:58 B C:\Websites\PlanetM\cp\font-awesome\scss\_path.scss --> planetm.us /planetm.us/cp/font-awesome/scss _path.scss
2015.07.30 14:58 B C:\Websites\PlanetM\cp\font-awesome\scss\_rotated-flipped.scss --> planetm.us /planetm.us/cp/font-awesome/scss _rotated-flipped.scss
2015.07.30 14:59 B C:\Websites\PlanetM\cp\font-awesome\scss\_spinning.scss --> planetm.us /planetm.us/cp/font-awesome/scss _spinning.scss
2015.07.30 14:59 B C:\Websites\PlanetM\cp\font-awesome\scss\_stacked.scss --> planetm.us /planetm.us/cp/font-awesome/scss _stacked.scss
2015.07.30 14:59 B C:\Websites\PlanetM\cp\font-awesome\scss\_variables.scss --> planetm.us /planetm.us/cp/font-awesome/scss _variables.scss
2015.07.30 14:59 B C:\Websites\PlanetM\cp\font-awesome\scss\font-awesome.scss --> planetm.us /planetm.us/cp/font-awesome/scss font-awesome.scss
