2015.07.30 14:27 B C:\Websites\PlanetM\cp\admin_news\delete.php <-- ShallWeTango1and1 /shallwetango/test/admin_news delete.php
2015.07.30 14:27 B C:\Websites\PlanetM\cp\admin_news\details.php <-- ShallWeTango1and1 /shallwetango/test/admin_news details.php
2015.07.30 14:27 B C:\Websites\PlanetM\cp\admin_news\edit.php <-- ShallWeTango1and1 /shallwetango/test/admin_news edit.php
2015.07.30 14:27 B C:\Websites\PlanetM\cp\admin_news\index.php <-- ShallWeTango1and1 /shallwetango/test/admin_news index.php
2015.07.30 14:27 B C:\Websites\PlanetM\cp\admin_news\input.php <-- ShallWeTango1and1 /shallwetango/test/admin_news input.php
2015.07.30 14:27 B C:\Websites\PlanetM\cp\admin_news\process_edit.php <-- ShallWeTango1and1 /shallwetango/test/admin_news process_edit.php
2015.07.30 14:27 B C:\Websites\PlanetM\cp\admin_news\process_input.php <-- ShallWeTango1and1 /shallwetango/test/admin_news process_input.php
2015.07.30 14:56 B C:\Websites\PlanetM\cp\admin_news\delete.php --> planetm.us /planetm.us/cp/admin_news delete.php
2015.07.30 14:56 B C:\Websites\PlanetM\cp\admin_news\details.php --> planetm.us /planetm.us/cp/admin_news details.php
2015.07.30 14:56 B C:\Websites\PlanetM\cp\admin_news\edit.php --> planetm.us /planetm.us/cp/admin_news edit.php
2015.07.30 14:56 B C:\Websites\PlanetM\cp\admin_news\index.php --> planetm.us /planetm.us/cp/admin_news index.php
2015.07.30 14:56 B C:\Websites\PlanetM\cp\admin_news\input.php --> planetm.us /planetm.us/cp/admin_news input.php
2015.07.30 14:56 B C:\Websites\PlanetM\cp\admin_news\process_edit.php --> planetm.us /planetm.us/cp/admin_news process_edit.php
2015.07.30 14:56 B C:\Websites\PlanetM\cp\admin_news\process_input.php --> planetm.us /planetm.us/cp/admin_news process_input.php
2015.07.30 14:56 B C:\Websites\PlanetM\cp\admin_news\WS_FTP.LOG --> planetm.us /planetm.us/cp/admin_news WS_FTP.LOG
2015.08.24 11:05 B C:\Websites\PlanetM\cp\admin_news\index.php --> planetm.us /planetm.us/cp/admin_news index.php
2015.08.24 15:14 B C:\Websites\PlanetM\cp\admin_news\input.php --> planetm.us /planetm.us/cp/admin_news input.php
2015.11.23 13:33 B C:\Websites\PlanetM\cp\admin_news\delete.php --> planetm.us /planetm.us/cp/admin_news delete.php
2015.11.23 13:33 B C:\Websites\PlanetM\cp\admin_news\details.php --> planetm.us /planetm.us/cp/admin_news details.php
2015.11.23 13:33 B C:\Websites\PlanetM\cp\admin_news\edit.php --> planetm.us /planetm.us/cp/admin_news edit.php
2015.11.23 13:33 B C:\Websites\PlanetM\cp\admin_news\index.php --> planetm.us /planetm.us/cp/admin_news index.php
2015.11.23 13:33 B C:\Websites\PlanetM\cp\admin_news\input.php --> planetm.us /planetm.us/cp/admin_news input.php
2015.11.23 13:33 B C:\Websites\PlanetM\cp\admin_news\process_edit.php --> planetm.us /planetm.us/cp/admin_news process_edit.php
2015.11.23 13:33 B C:\Websites\PlanetM\cp\admin_news\process_input.php --> planetm.us /planetm.us/cp/admin_news process_input.php
