2015.01.16 16:25 B C:\Websites\ControlPanel\css\style.css <-- Nabsa_Dev /web/css style.css
2015.01.16 16:41 B C:\Websites\ControlPanel\css\bootstrap-rtl.css --> s479853611.onlinehome.us /u74124725/ControlPanel/css bootstrap-rtl.css
2015.01.16 16:42 B C:\Websites\ControlPanel\css\bootstrap-rtl.min.css --> s479853611.onlinehome.us /u74124725/ControlPanel/css bootstrap-rtl.min.css
2015.01.16 16:42 B C:\Websites\ControlPanel\css\bootstrap.css --> s479853611.onlinehome.us /u74124725/ControlPanel/css bootstrap.css
2015.01.16 16:42 B C:\Websites\ControlPanel\css\bootstrap.min.css --> s479853611.onlinehome.us /u74124725/ControlPanel/css bootstrap.min.css
2015.01.16 16:42 B C:\Websites\ControlPanel\css\sb-admin-rtl.css --> s479853611.onlinehome.us /u74124725/ControlPanel/css sb-admin-rtl.css
2015.01.16 16:42 B C:\Websites\ControlPanel\css\sb-admin.css --> s479853611.onlinehome.us /u74124725/ControlPanel/css sb-admin.css
2015.01.16 16:42 B C:\Websites\ControlPanel\css\style.css --> s479853611.onlinehome.us /u74124725/ControlPanel/css style.css
2015.01.16 16:42 B C:\Websites\ControlPanel\css\WS_FTP.LOG --> s479853611.onlinehome.us /u74124725/ControlPanel/css WS_FTP.LOG
2015.01.19 14:24 B C:\Websites\ControlPanel\css\bootstrap-rtl.css --> s338560606.onlinehome.us /shallwetango/test/css bootstrap-rtl.css
2015.01.19 14:24 B C:\Websites\ControlPanel\css\bootstrap-rtl.min.css --> s338560606.onlinehome.us /shallwetango/test/css bootstrap-rtl.min.css
2015.01.19 14:24 B C:\Websites\ControlPanel\css\bootstrap.css --> s338560606.onlinehome.us /shallwetango/test/css bootstrap.css
2015.01.19 14:24 B C:\Websites\ControlPanel\css\bootstrap.min.css --> s338560606.onlinehome.us /shallwetango/test/css bootstrap.min.css
2015.01.19 14:24 B C:\Websites\ControlPanel\css\sb-admin-rtl.css --> s338560606.onlinehome.us /shallwetango/test/css sb-admin-rtl.css
2015.01.19 14:24 B C:\Websites\ControlPanel\css\sb-admin.css --> s338560606.onlinehome.us /shallwetango/test/css sb-admin.css
2015.01.19 14:24 B C:\Websites\ControlPanel\css\style.css --> s338560606.onlinehome.us /shallwetango/test/css style.css
2015.07.30 14:28 B C:\Websites\PlanetM\cp\css\WS_FTP.LOG <-- ShallWeTango1and1 /shallwetango/test/css WS_FTP.LOG
2015.07.30 14:57 B C:\Websites\PlanetM\cp\css\bootstrap-rtl.css --> planetm.us /planetm.us/cp/css bootstrap-rtl.css
2015.07.30 14:57 B C:\Websites\PlanetM\cp\css\bootstrap-rtl.min.css --> planetm.us /planetm.us/cp/css bootstrap-rtl.min.css
2015.07.30 14:57 B C:\Websites\PlanetM\cp\css\bootstrap.css --> planetm.us /planetm.us/cp/css bootstrap.css
2015.07.30 14:57 B C:\Websites\PlanetM\cp\css\bootstrap.min.css --> planetm.us /planetm.us/cp/css bootstrap.min.css
2015.07.30 14:57 B C:\Websites\PlanetM\cp\css\colorbox.css --> planetm.us /planetm.us/cp/css colorbox.css
2015.07.30 14:57 B C:\Websites\PlanetM\cp\css\jquery-ui.css --> planetm.us /planetm.us/cp/css jquery-ui.css
2015.07.30 14:57 B C:\Websites\PlanetM\cp\css\jquery.dataTables.css --> planetm.us /planetm.us/cp/css jquery.dataTables.css
2015.07.30 14:57 B C:\Websites\PlanetM\cp\css\jquery.imagepicker.css --> planetm.us /planetm.us/cp/css jquery.imagepicker.css
2015.07.30 14:57 B C:\Websites\PlanetM\cp\css\magnific-popup.css --> planetm.us /planetm.us/cp/css magnific-popup.css
2015.07.30 14:57 B C:\Websites\PlanetM\cp\css\sb-admin-rtl.css --> planetm.us /planetm.us/cp/css sb-admin-rtl.css
2015.07.30 14:58 B C:\Websites\PlanetM\cp\css\sb-admin.css --> planetm.us /planetm.us/cp/css sb-admin.css
2015.07.30 14:58 B C:\Websites\PlanetM\cp\css\signin.css --> planetm.us /planetm.us/cp/css signin.css
2015.07.30 14:58 B C:\Websites\PlanetM\cp\css\style.css --> planetm.us /planetm.us/cp/css style.css
