2015.01.16 16:42 B C:\Websites\ControlPanel\font-awesome\less\bordered-pulled.less --> s479853611.onlinehome.us /u74124725/ControlPanel/font-awesome/less bordered-pulled.less
2015.01.16 16:42 B C:\Websites\ControlPanel\font-awesome\less\core.less --> s479853611.onlinehome.us /u74124725/ControlPanel/font-awesome/less core.less
2015.01.16 16:42 B C:\Websites\ControlPanel\font-awesome\less\fixed-width.less --> s479853611.onlinehome.us /u74124725/ControlPanel/font-awesome/less fixed-width.less
2015.01.16 16:42 B C:\Websites\ControlPanel\font-awesome\less\font-awesome.less --> s479853611.onlinehome.us /u74124725/ControlPanel/font-awesome/less font-awesome.less
2015.01.16 16:42 B C:\Websites\ControlPanel\font-awesome\less\icons.less --> s479853611.onlinehome.us /u74124725/ControlPanel/font-awesome/less icons.less
2015.01.16 16:42 B C:\Websites\ControlPanel\font-awesome\less\larger.less --> s479853611.onlinehome.us /u74124725/ControlPanel/font-awesome/less larger.less
2015.01.16 16:42 B C:\Websites\ControlPanel\font-awesome\less\list.less --> s479853611.onlinehome.us /u74124725/ControlPanel/font-awesome/less list.less
2015.01.16 16:43 B C:\Websites\ControlPanel\font-awesome\less\mixins.less --> s479853611.onlinehome.us /u74124725/ControlPanel/font-awesome/less mixins.less
2015.01.16 16:43 B C:\Websites\ControlPanel\font-awesome\less\path.less --> s479853611.onlinehome.us /u74124725/ControlPanel/font-awesome/less path.less
2015.01.16 16:43 B C:\Websites\ControlPanel\font-awesome\less\rotated-flipped.less --> s479853611.onlinehome.us /u74124725/ControlPanel/font-awesome/less rotated-flipped.less
2015.01.16 16:43 B C:\Websites\ControlPanel\font-awesome\less\spinning.less --> s479853611.onlinehome.us /u74124725/ControlPanel/font-awesome/less spinning.less
2015.01.16 16:43 B C:\Websites\ControlPanel\font-awesome\less\stacked.less --> s479853611.onlinehome.us /u74124725/ControlPanel/font-awesome/less stacked.less
2015.01.16 16:43 B C:\Websites\ControlPanel\font-awesome\less\variables.less --> s479853611.onlinehome.us /u74124725/ControlPanel/font-awesome/less variables.less
2015.01.19 14:24 B C:\Websites\ControlPanel\font-awesome\less\bordered-pulled.less --> s338560606.onlinehome.us /shallwetango/test/font-awesome/less bordered-pulled.less
2015.01.19 14:24 B C:\Websites\ControlPanel\font-awesome\less\core.less --> s338560606.onlinehome.us /shallwetango/test/font-awesome/less core.less
2015.01.19 14:24 B C:\Websites\ControlPanel\font-awesome\less\fixed-width.less --> s338560606.onlinehome.us /shallwetango/test/font-awesome/less fixed-width.less
2015.01.19 14:24 B C:\Websites\ControlPanel\font-awesome\less\font-awesome.less --> s338560606.onlinehome.us /shallwetango/test/font-awesome/less font-awesome.less
2015.01.19 14:25 B C:\Websites\ControlPanel\font-awesome\less\icons.less --> s338560606.onlinehome.us /shallwetango/test/font-awesome/less icons.less
2015.01.19 14:25 B C:\Websites\ControlPanel\font-awesome\less\larger.less --> s338560606.onlinehome.us /shallwetango/test/font-awesome/less larger.less
2015.01.19 14:25 B C:\Websites\ControlPanel\font-awesome\less\list.less --> s338560606.onlinehome.us /shallwetango/test/font-awesome/less list.less
2015.01.19 14:25 B C:\Websites\ControlPanel\font-awesome\less\mixins.less --> s338560606.onlinehome.us /shallwetango/test/font-awesome/less mixins.less
2015.01.19 14:25 B C:\Websites\ControlPanel\font-awesome\less\path.less --> s338560606.onlinehome.us /shallwetango/test/font-awesome/less path.less
2015.01.19 14:25 B C:\Websites\ControlPanel\font-awesome\less\rotated-flipped.less --> s338560606.onlinehome.us /shallwetango/test/font-awesome/less rotated-flipped.less
2015.01.19 14:25 B C:\Websites\ControlPanel\font-awesome\less\spinning.less --> s338560606.onlinehome.us /shallwetango/test/font-awesome/less spinning.less
2015.01.19 14:25 B C:\Websites\ControlPanel\font-awesome\less\stacked.less --> s338560606.onlinehome.us /shallwetango/test/font-awesome/less stacked.less
2015.01.19 14:25 B C:\Websites\ControlPanel\font-awesome\less\variables.less --> s338560606.onlinehome.us /shallwetango/test/font-awesome/less variables.less
2015.07.30 14:29 B C:\Websites\PlanetM\cp\font-awesome\less\WS_FTP.LOG <-- ShallWeTango1and1 /shallwetango/test/font-awesome/less WS_FTP.LOG
2015.07.30 14:58 B C:\Websites\PlanetM\cp\font-awesome\less\bordered-pulled.less --> planetm.us /planetm.us/cp/font-awesome/less bordered-pulled.less
2015.07.30 14:58 B C:\Websites\PlanetM\cp\font-awesome\less\core.less --> planetm.us /planetm.us/cp/font-awesome/less core.less
2015.07.30 14:58 B C:\Websites\PlanetM\cp\font-awesome\less\fixed-width.less --> planetm.us /planetm.us/cp/font-awesome/less fixed-width.less
2015.07.30 14:58 B C:\Websites\PlanetM\cp\font-awesome\less\font-awesome.less --> planetm.us /planetm.us/cp/font-awesome/less font-awesome.less
2015.07.30 14:58 B C:\Websites\PlanetM\cp\font-awesome\less\icons.less --> planetm.us /planetm.us/cp/font-awesome/less icons.less
2015.07.30 14:58 B C:\Websites\PlanetM\cp\font-awesome\less\larger.less --> planetm.us /planetm.us/cp/font-awesome/less larger.less
2015.07.30 14:58 B C:\Websites\PlanetM\cp\font-awesome\less\list.less --> planetm.us /planetm.us/cp/font-awesome/less list.less
2015.07.30 14:58 B C:\Websites\PlanetM\cp\font-awesome\less\mixins.less --> planetm.us /planetm.us/cp/font-awesome/less mixins.less
2015.07.30 14:58 B C:\Websites\PlanetM\cp\font-awesome\less\path.less --> planetm.us /planetm.us/cp/font-awesome/less path.less
2015.07.30 14:58 B C:\Websites\PlanetM\cp\font-awesome\less\rotated-flipped.less --> planetm.us /planetm.us/cp/font-awesome/less rotated-flipped.less
2015.07.30 14:58 B C:\Websites\PlanetM\cp\font-awesome\less\spinning.less --> planetm.us /planetm.us/cp/font-awesome/less spinning.less
2015.07.30 14:58 B C:\Websites\PlanetM\cp\font-awesome\less\stacked.less --> planetm.us /planetm.us/cp/font-awesome/less stacked.less
2015.07.30 14:58 B C:\Websites\PlanetM\cp\font-awesome\less\variables.less --> planetm.us /planetm.us/cp/font-awesome/less variables.less
