2015.07.28 09:15 B C:\Datos part\Websites\PlanetM\img\blogimages\facebook.jpg <-- PlanetM /public_html/img/blogimages facebook.jpg
2015.07.28 09:15 B C:\Datos part\Websites\PlanetM\img\blogimages\freeevent.jpg <-- PlanetM /public_html/img/blogimages freeevent.jpg
2015.07.28 09:15 B C:\Datos part\Websites\PlanetM\img\blogimages\googleplus.jpg <-- PlanetM /public_html/img/blogimages googleplus.jpg
2015.07.28 09:15 B C:\Datos part\Websites\PlanetM\img\blogimages\instagram.jpg <-- PlanetM /public_html/img/blogimages instagram.jpg
2015.07.28 09:15 B C:\Datos part\Websites\PlanetM\img\blogimages\linkedin.jpg <-- PlanetM /public_html/img/blogimages linkedin.jpg
2015.07.28 09:15 B C:\Datos part\Websites\PlanetM\img\blogimages\newsandrepo.jpg <-- PlanetM /public_html/img/blogimages newsandrepo.jpg
2015.07.28 09:15 B C:\Datos part\Websites\PlanetM\img\blogimages\participa.png <-- PlanetM /public_html/img/blogimages participa.png
2015.07.28 09:15 B C:\Datos part\Websites\PlanetM\img\blogimages\pinterest.jpg <-- PlanetM /public_html/img/blogimages pinterest.jpg
2015.07.28 09:15 B C:\Datos part\Websites\PlanetM\img\blogimages\planetus.jpg <-- PlanetM /public_html/img/blogimages planetus.jpg
2015.07.28 09:15 B C:\Datos part\Websites\PlanetM\img\blogimages\Sportsoh.jpg <-- PlanetM /public_html/img/blogimages Sportsoh.jpg
2015.07.28 09:15 B C:\Datos part\Websites\PlanetM\img\blogimages\sportyads.jpg <-- PlanetM /public_html/img/blogimages sportyads.jpg
2015.07.28 09:15 B C:\Datos part\Websites\PlanetM\img\blogimages\twitter.jpg <-- PlanetM /public_html/img/blogimages twitter.jpg
2015.07.28 09:15 B C:\Datos part\Websites\PlanetM\img\blogimages\unete.png <-- PlanetM /public_html/img/blogimages unete.png
2015.07.28 09:15 B C:\Datos part\Websites\PlanetM\img\blogimages\votovision.jpg <-- PlanetM /public_html/img/blogimages votovision.jpg
2015.07.28 09:15 B C:\Datos part\Websites\PlanetM\img\blogimages\writeforus.jpg <-- PlanetM /public_html/img/blogimages writeforus.jpg
2015.07.28 09:15 B C:\Datos part\Websites\PlanetM\img\blogimages\youtube.jpg <-- PlanetM /public_html/img/blogimages youtube.jpg
2015.07.28 09:16 B C:\Datos part\Websites\PlanetM\img\blogimages\facebook.jpg --> allitnil.dreamhost.com /planetm.us/img/blogimages facebook.jpg
2015.07.28 09:16 B C:\Datos part\Websites\PlanetM\img\blogimages\freeevent.jpg --> allitnil.dreamhost.com /planetm.us/img/blogimages freeevent.jpg
2015.07.28 09:16 B C:\Datos part\Websites\PlanetM\img\blogimages\googleplus.jpg --> allitnil.dreamhost.com /planetm.us/img/blogimages googleplus.jpg
2015.07.28 09:16 B C:\Datos part\Websites\PlanetM\img\blogimages\instagram.jpg --> allitnil.dreamhost.com /planetm.us/img/blogimages instagram.jpg
2015.07.28 09:16 B C:\Datos part\Websites\PlanetM\img\blogimages\linkedin.jpg --> allitnil.dreamhost.com /planetm.us/img/blogimages linkedin.jpg
2015.07.28 09:16 B C:\Datos part\Websites\PlanetM\img\blogimages\newsandrepo.jpg --> allitnil.dreamhost.com /planetm.us/img/blogimages newsandrepo.jpg
2015.07.28 09:16 B C:\Datos part\Websites\PlanetM\img\blogimages\participa.png --> allitnil.dreamhost.com /planetm.us/img/blogimages participa.png
2015.07.28 09:16 B C:\Datos part\Websites\PlanetM\img\blogimages\pinterest.jpg --> allitnil.dreamhost.com /planetm.us/img/blogimages pinterest.jpg
2015.07.28 09:17 B C:\Datos part\Websites\PlanetM\img\blogimages\planetus.jpg --> allitnil.dreamhost.com /planetm.us/img/blogimages planetus.jpg
2015.07.28 09:17 B C:\Datos part\Websites\PlanetM\img\blogimages\Sportsoh.jpg --> allitnil.dreamhost.com /planetm.us/img/blogimages Sportsoh.jpg
2015.07.28 09:17 B C:\Datos part\Websites\PlanetM\img\blogimages\sportyads.jpg --> allitnil.dreamhost.com /planetm.us/img/blogimages sportyads.jpg
2015.07.28 09:17 B C:\Datos part\Websites\PlanetM\img\blogimages\twitter.jpg --> allitnil.dreamhost.com /planetm.us/img/blogimages twitter.jpg
2015.07.28 09:17 B C:\Datos part\Websites\PlanetM\img\blogimages\unete.png --> allitnil.dreamhost.com /planetm.us/img/blogimages unete.png
2015.07.28 09:17 B C:\Datos part\Websites\PlanetM\img\blogimages\votovision.jpg --> allitnil.dreamhost.com /planetm.us/img/blogimages votovision.jpg
2015.07.28 09:17 B C:\Datos part\Websites\PlanetM\img\blogimages\writeforus.jpg --> allitnil.dreamhost.com /planetm.us/img/blogimages writeforus.jpg
