2015.01.16 16:19 B C:\Websites\ControlPanel\login\index.php <-- Nabsa_Dev /web/login index.php
2015.01.16 16:19 B C:\Websites\ControlPanel\login\logout.php <-- Nabsa_Dev /web/login logout.php
2015.01.16 16:19 B C:\Websites\ControlPanel\login\process.php <-- Nabsa_Dev /web/login process.php
2015.01.16 16:19 B C:\Websites\ControlPanel\login\process.php.old <-- Nabsa_Dev /web/login process.php.old
2015.01.16 16:19 B C:\Websites\ControlPanel\login\rejected.php <-- Nabsa_Dev /web/login rejected.php
2015.01.16 16:44 B C:\Websites\ControlPanel\login\index.php --> s479853611.onlinehome.us /u74124725/ControlPanel/login index.php
2015.01.16 16:44 B C:\Websites\ControlPanel\login\logout.php --> s479853611.onlinehome.us /u74124725/ControlPanel/login logout.php
2015.01.16 16:44 B C:\Websites\ControlPanel\login\process.php --> s479853611.onlinehome.us /u74124725/ControlPanel/login process.php
2015.01.16 16:44 B C:\Websites\ControlPanel\login\rejected.php --> s479853611.onlinehome.us /u74124725/ControlPanel/login rejected.php
2015.01.16 16:44 B C:\Websites\ControlPanel\login\WS_FTP.LOG --> s479853611.onlinehome.us /u74124725/ControlPanel/login WS_FTP.LOG
2015.01.16 16:46 B C:\Websites\ControlPanel\login\index.php --> s479853611.onlinehome.us /u74124725/ControlPanel/login index.php
2015.01.17 10:21 B C:\Websites\ControlPanel\login\index.php --> s479853611.onlinehome.us /u74124725/ControlPanel/login index.php
2015.01.17 10:21 B C:\Websites\ControlPanel\login\logout.php --> s479853611.onlinehome.us /u74124725/ControlPanel/login logout.php
2015.01.17 10:21 B C:\Websites\ControlPanel\login\process.php --> s479853611.onlinehome.us /u74124725/ControlPanel/login process.php
2015.01.17 10:21 B C:\Websites\ControlPanel\login\process_1.php --> s479853611.onlinehome.us /u74124725/ControlPanel/login process_1.php
2015.01.17 10:21 B C:\Websites\ControlPanel\login\rejected.php --> s479853611.onlinehome.us /u74124725/ControlPanel/login rejected.php
2015.01.17 10:21 B C:\Websites\ControlPanel\login\WS_FTP.LOG --> s479853611.onlinehome.us /u74124725/ControlPanel/login WS_FTP.LOG
2015.01.17 10:41 B C:\Websites\ControlPanel\login\index.php --> s338560606.onlinehome.us /shallwetango/test/login index.php
2015.01.17 10:41 B C:\Websites\ControlPanel\login\logout.php --> s338560606.onlinehome.us /shallwetango/test/login logout.php
2015.01.17 10:41 B C:\Websites\ControlPanel\login\process.php --> s338560606.onlinehome.us /shallwetango/test/login process.php
2015.01.17 10:41 B C:\Websites\ControlPanel\login\process_pdo.php --> s338560606.onlinehome.us /shallwetango/test/login process_pdo.php
2015.01.17 10:41 B C:\Websites\ControlPanel\login\rejected.php --> s338560606.onlinehome.us /shallwetango/test/login rejected.php
2015.07.30 14:30 B C:\Websites\PlanetM\cp\login\WS_FTP.LOG <-- ShallWeTango1and1 /shallwetango/test/login WS_FTP.LOG
2015.07.30 15:00 B C:\Websites\PlanetM\cp\login\index.php --> planetm.us /planetm.us/cp/login index.php
2015.07.30 15:00 B C:\Websites\PlanetM\cp\login\logout.php --> planetm.us /planetm.us/cp/login logout.php
2015.07.30 15:00 B C:\Websites\PlanetM\cp\login\process.php --> planetm.us /planetm.us/cp/login process.php
2015.07.30 15:00 B C:\Websites\PlanetM\cp\login\process_pdo.php --> planetm.us /planetm.us/cp/login process_pdo.php
2015.07.30 15:00 B C:\Websites\PlanetM\cp\login\rejected.php --> planetm.us /planetm.us/cp/login rejected.php
